OSS: Generating process with PID 2478004 and putting in queue 0 at time 0:0
OSS: Dispatching PID 2478004 from queue 0 at time 0:9483
OSS: PID -1141395 used full quantum, moving to queue 1
OSS: Generating process with PID 2478007 and putting in queue 0 at time 0:371431578
OSS: Dispatching PID 2478007 from queue 0 at time 0:371432564
OSS: PID 100862 used full quantum, moving to queue 1
OSS: Queue states at time 0:742854659
Queue 0: EMPTY
Queue 1: 0 1 
Queue 2: EMPTY
Blocked Queue: EMPTY
OSS: Generating process with PID 2478010 and putting in queue 0 at time 0:742854659
OSS: Dispatching PID 2478010 from queue 0 at time 0:742857536
OSS: PID 6068330 used full quantum, moving to queue 1
OSS: Queue states at time 1:114279631
Queue 0: EMPTY
Queue 1: 0 1 2 
Queue 2: EMPTY
Blocked Queue: EMPTY
OSS: Generating process with PID 2478011 and putting in queue 0 at time 1:114279631
OSS: Dispatching PID 2478011 from queue 0 at time 1:114286646
OSS: PID 10000000 used full quantum, moving to queue 1
OSS: Generating process with PID 2478013 and putting in queue 0 at time 1:485708741
OSS: Dispatching PID 2478013 from queue 0 at time 1:485716634
OSS: PID -270771 used full quantum, moving to queue 1
OSS: Queue states at time 1:857138729
Queue 0: EMPTY
Queue 1: 0 1 2 3 4 
Queue 2: EMPTY
Blocked Queue: EMPTY
OSS: Generating process with PID 2478014 and putting in queue 0 at time 1:857138729
OSS: Dispatching PID 2478014 from queue 0 at time 1:857147164
OSS: PID 10000000 used full quantum, moving to queue 1
OSS: Queue states at time 2:228569259
Queue 0: EMPTY
Queue 1: 0 1 2 3 4 5 
Queue 2: EMPTY
Blocked Queue: EMPTY
OSS: Generating process with PID 2478015 and putting in queue 0 at time 2:228569259
OSS: Dispatching PID 2478015 from queue 0 at time 2:228574745
OSS: PID 10000000 used full quantum, moving to queue 1
OSS: Generating process with PID 2478016 and putting in queue 0 at time 2:599996840
OSS: Dispatching PID 2478016 from queue 0 at time 2:599997432
OSS: PID 10000000 used full quantum, moving to queue 1
OSS: Queue states at time 2:971419527
Queue 0: EMPTY
Queue 1: 0 1 2 3 4 5 6 7 
Queue 2: EMPTY
Blocked Queue: EMPTY
OSS: Generating process with PID 2478017 and putting in queue 0 at time 2:971419527
OSS: Dispatching PID 2478017 from queue 0 at time 2:971426276
OSS: PID 6340597 used full quantum, moving to queue 1
OSS: Queue states at time 3:342848371
Queue 0: EMPTY
Queue 1: 0 1 2 3 4 5 6 7 8 
Queue 2: EMPTY
Blocked Queue: EMPTY
OSS: Generating process with PID 2478018 and putting in queue 0 at time 3:342848371
OSS: Dispatching PID 2478018 from queue 0 at time 3:342849892
OSS: PID 10000000 used full quantum, moving to queue 1
OSS: Generating process with PID 2478019 and putting in queue 0 at time 3:714271987
OSS: Dispatching PID 2478019 from queue 0 at time 3:714274449
OSS: PID -260776 used full quantum, moving to queue 1
OSS: Queue states at time 4:85696544
Queue 0: EMPTY
Queue 1: 0 1 2 3 4 5 6 7 8 9 10 
Queue 2: EMPTY
Blocked Queue: EMPTY
OSS: Generating process with PID 2478020 and putting in queue 0 at time 4:85696544
OSS: Dispatching PID 2478020 from queue 0 at time 4:85696671
OSS: PID 5124751 used full quantum, moving to queue 1
OSS: Generating process with PID 2478021 and putting in queue 0 at time 4:457118766
OSS: Dispatching PID 2478021 from queue 0 at time 4:457127556
OSS: PID 10000000 used full quantum, moving to queue 1
OSS: Queue states at time 4:828549651
Queue 0: EMPTY
Queue 1: 0 1 2 3 4 5 6 7 8 9 10 11 12 
Queue 2: EMPTY
Blocked Queue: EMPTY
OSS: Generating process with PID 2478022 and putting in queue 0 at time 4:828549651
OSS: Dispatching PID 2478022 from queue 0 at time 4:828549810
OSS: PID 9908462 used full quantum, moving to queue 1
OSS: Queue states at time 5:199971905
Queue 0: EMPTY
Queue 1: 0 1 2 3 4 5 6 7 8 9 10 11 12 13 
Queue 2: EMPTY
Blocked Queue: EMPTY
OSS: Generating process with PID 2478023 and putting in queue 0 at time 5:199971905
OSS: Dispatching PID 2478023 from queue 0 at time 5:199979768
OSS: PID 10000000 used full quantum, moving to queue 1
OSS: Generating process with PID 2478024 and putting in queue 0 at time 5:571401863
OSS: Dispatching PID 2478024 from queue 0 at time 5:571405889
OSS: PID -6976287 used full quantum, moving to queue 1
OSS: Queue states at time 5:942827984
Queue 0: EMPTY
Queue 1: 0 1 2 3 4 5 6 7 8 9 10 11 12 13 14 15 
Queue 2: EMPTY
Blocked Queue: EMPTY
OSS: Generating process with PID 2478025 and putting in queue 0 at time 5:942827984
OSS: Dispatching PID 2478025 from queue 0 at time 5:942828624
OSS: PID 10000000 used full quantum, moving to queue 1
OSS: Queue states at time 6:314250719
Queue 0: EMPTY
Queue 1: 0 1 2 3 4 5 6 7 8 9 10 11 12 13 14 15 16 
Queue 2: EMPTY
Blocked Queue: EMPTY
OSS: Generating process with PID 2478026 and putting in queue 0 at time 6:314250719
OSS: Dispatching PID 2478026 from queue 0 at time 6:314254245
OSS: PID 10000000 used full quantum, moving to queue 1
OSS: Dispatching PID 2478004 from queue 1 at time 6:685685612
